The target system is: Generic -  - arm
The host system is: Linux - 5.15.49-linuxkit - aarch64
Compiling the C compiler identification source file "CMakeCCompilerId.c" succeeded.
Compiler: /usr/bin/arm-none-eabi-gcc -fdata-sections;-ffunction-sections;--specs=nano.specs;-Wl,--gc-sections
Build flags: 
Id flags: -c 

The output was:
0


Compilation of the C compiler identification source "CMakeCCompilerId.c" produced "CMakeCCompilerId.o"

The C compiler identification is GNU, found in "/mnt/bind-root/build/CMakeFiles/3.16.3/CompilerIdC/CMakeCCompilerId.o"

Compiling the CXX compiler identification source file "CMakeCXXCompilerId.cpp" succeeded.
Compiler: /usr/bin/arm-none-eabi-g++ 
Build flags: 
Id flags: -c 

The output was:
0


Compilation of the CXX compiler identification source "CMakeCXXCompilerId.cpp" produced "CMakeCXXCompilerId.o"

The CXX compiler identification is GNU, found in "/mnt/bind-root/build/CMakeFiles/3.16.3/CompilerIdCXX/CMakeCXXCompilerId.o"

Determining if the C compiler works passed with the following output:
Change Dir: /mnt/bind-root/build/CMakeFiles/CMakeTmp

Run Build Command(s):/usr/bin/make cmTC_3677b/fast && make[1]: Entering directory '/mnt/bind-root/build/CMakeFiles/CMakeTmp'
/usr/bin/make -f CMakeFiles/cmTC_3677b.dir/build.make CMakeFiles/cmTC_3677b.dir/build
make[2]: Entering directory '/mnt/bind-root/build/CMakeFiles/CMakeTmp'
Building C object CMakeFiles/cmTC_3677b.dir/testCCompiler.c.obj
/usr/bin/arm-none-eabi-gcc -fdata-sections -ffunction-sections     --specs=nano.specs -Wl,--gc-sections    -o CMakeFiles/cmTC_3677b.dir/testCCompiler.c.obj   -c /mnt/bind-root/build/CMakeFiles/CMakeTmp/testCCompiler.c
Linking C static library libcmTC_3677b.a
/usr/bin/cmake -P CMakeFiles/cmTC_3677b.dir/cmake_clean_target.cmake
/usr/bin/cmake -E cmake_link_script CMakeFiles/cmTC_3677b.dir/link.txt --verbose=1
/usr/bin/arm-none-eabi-ar qc libcmTC_3677b.a  CMakeFiles/cmTC_3677b.dir/testCCompiler.c.obj
/usr/bin/arm-none-eabi-ranlib libcmTC_3677b.a
make[2]: Leaving directory '/mnt/bind-root/build/CMakeFiles/CMakeTmp'
make[1]: Leaving directory '/mnt/bind-root/build/CMakeFiles/CMakeTmp'



Detecting C compiler ABI info compiled with the following output:
Change Dir: /mnt/bind-root/build/CMakeFiles/CMakeTmp

Run Build Command(s):/usr/bin/make cmTC_a8352/fast && make[1]: Entering directory '/mnt/bind-root/build/CMakeFiles/CMakeTmp'
/usr/bin/make -f CMakeFiles/cmTC_a8352.dir/build.make CMakeFiles/cmTC_a8352.dir/build
make[2]: Entering directory '/mnt/bind-root/build/CMakeFiles/CMakeTmp'
Building C object CMakeFiles/cmTC_a8352.dir/CMakeCCompilerABI.c.obj
/usr/bin/arm-none-eabi-gcc -fdata-sections -ffunction-sections     --specs=nano.specs -Wl,--gc-sections   -v -o CMakeFiles/cmTC_a8352.dir/CMakeCCompilerABI.c.obj   -c /usr/share/cmake-3.16/Modules/CMakeCCompilerABI.c
Using built-in specs.
Reading specs from /usr/bin/../lib/gcc/arm-none-eabi/10.3.1/../../../../arm-none-eabi/lib/nano.specs
rename spec link to nano_link
rename spec link_gcc_c_sequence to nano_link_gcc_c_sequence
rename spec cpp_unique_options to nano_cpp_unique_options
COLLECT_GCC=/usr/bin/arm-none-eabi-gcc
Target: arm-none-eabi
Configured with: /mnt/work/jenkins_slave/workspace/GCC-10-pipeline/jenkins-GCC-10-pipeline-338_20211018_1634516202/src/gcc/configure --target=arm-none-eabi --prefix=/mnt/work/jenkins_slave/workspace/GCC-10-pipeline/jenkins-GCC-10-pipeline-338_20211018_1634516202/install-native --libexecdir=/mnt/work/jenkins_slave/workspace/GCC-10-pipeline/jenkins-GCC-10-pipeline-338_20211018_1634516202/install-native/lib --infodir=/mnt/work/jenkins_slave/workspace/GCC-10-pipeline/jenkins-GCC-10-pipeline-338_20211018_1634516202/install-native/share/doc/gcc-arm-none-eabi/info --mandir=/mnt/work/jenkins_slave/workspace/GCC-10-pipeline/jenkins-GCC-10-pipeline-338_20211018_1634516202/install-native/share/doc/gcc-arm-none-eabi/man --htmldir=/mnt/work/jenkins_slave/workspace/GCC-10-pipeline/jenkins-GCC-10-pipeline-338_20211018_1634516202/install-native/share/doc/gcc-arm-none-eabi/html --pdfdir=/mnt/work/jenkins_slave/workspace/GCC-10-pipeline/jenkins-GCC-10-pipeline-338_20211018_1634516202/install-native/share/doc/gcc-arm-none-eabi/pdf --enable-languages=c,c++ --enable-plugins --disable-decimal-float --disable-libffi --disable-libgomp --disable-libmudflap --disable-libquadmath --disable-libssp --disable-libstdcxx-pch --disable-nls --disable-shared --disable-threads --disable-tls --with-gnu-as --with-gnu-ld --with-newlib --with-headers=yes --with-python-dir=share/gcc-arm-none-eabi --with-sysroot=/mnt/work/jenkins_slave/workspace/GCC-10-pipeline/jenkins-GCC-10-pipeline-338_20211018_1634516202/install-native/arm-none-eabi --build=aarch64-linux-gnu --host=aarch64-linux-gnu --with-gmp=/mnt/work/jenkins_slave/workspace/GCC-10-pipeline/jenkins-GCC-10-pipeline-338_20211018_1634516202/build-native/host-libs/usr --with-mpfr=/mnt/work/jenkins_slave/workspace/GCC-10-pipeline/jenkins-GCC-10-pipeline-338_20211018_1634516202/build-native/host-libs/usr --with-mpc=/mnt/work/jenkins_slave/workspace/GCC-10-pipeline/jenkins-GCC-10-pipeline-338_20211018_1634516202/build-native/host-libs/usr --with-isl=/mnt/work/jenkins_slave/workspace/GCC-10-pipeline/jenkins-GCC-10-pipeline-338_20211018_1634516202/build-native/host-libs/usr --with-libelf=/mnt/work/jenkins_slave/workspace/GCC-10-pipeline/jenkins-GCC-10-pipeline-338_20211018_1634516202/build-native/host-libs/usr --with-host-libstdcxx='-static-libgcc -Wl,-Bstatic,-lstdc++,-Bdynamic -lm' --with-pkgversion='GNU Arm Embedded Toolchain 10.3-2021.10' --with-multilib-list=rmprofile,aprofile
Thread model: single
Supported LTO compression algorithms: zlib
gcc version 10.3.1 20210824 (release) (GNU Arm Embedded Toolchain 10.3-2021.10) 
COLLECT_GCC_OPTIONS='-fdata-sections' '-ffunction-sections' '-specs=nano.specs' '-v' '-o' 'CMakeFiles/cmTC_a8352.dir/CMakeCCompilerABI.c.obj' '-c' '-mcpu=arm7tdmi' '-mfloat-abi=soft' '-marm' '-mlibarch=armv4t' '-march=armv4t'
 /usr/bin/../lib/gcc/arm-none-eabi/10.3.1/cc1 -isystem =/include/newlib-nano -quiet -v -iprefix /usr/bin/../lib/gcc/arm-none-eabi/10.3.1/ -isysroot /usr/bin/../arm-none-eabi -D__USES_INITFINI__ /usr/share/cmake-3.16/Modules/CMakeCCompilerABI.c -quiet -dumpbase CMakeCCompilerABI.c -mcpu=arm7tdmi -mfloat-abi=soft -marm -mlibarch=armv4t -march=armv4t -auxbase-strip CMakeFiles/cmTC_a8352.dir/CMakeCCompilerABI.c.obj -version -fdata-sections -ffunction-sections -o /tmp/ccL5NvRG.s
GNU C17 (GNU Arm Embedded Toolchain 10.3-2021.10) version 10.3.1 20210824 (release) (arm-none-eabi)
	compiled by GNU C version 4.8.4, GMP version 6.1.0, MPFR version 3.1.4, MPC version 1.0.3, isl version isl-0.18-GMP

GGC heuristics: --param ggc-min-expand=100 --param ggc-min-heapsize=131072
ignoring duplicate directory "/usr/bin/../lib/gcc/../../lib/gcc/arm-none-eabi/10.3.1/include"
ignoring nonexistent directory "/usr/bin/../arm-none-eabi/usr/local/include"
ignoring duplicate directory "/usr/bin/../lib/gcc/../../lib/gcc/arm-none-eabi/10.3.1/include-fixed"
ignoring duplicate directory "/usr/bin/../lib/gcc/../../lib/gcc/arm-none-eabi/10.3.1/../../../../arm-none-eabi/include"
ignoring nonexistent directory "/usr/bin/../arm-none-eabi/usr/include"
#include "..." search starts here:
#include <...> search starts here:
 /usr/bin/../arm-none-eabi/include/newlib-nano
 /usr/bin/../lib/gcc/arm-none-eabi/10.3.1/include
 /usr/bin/../lib/gcc/arm-none-eabi/10.3.1/include-fixed
 /usr/bin/../lib/gcc/arm-none-eabi/10.3.1/../../../../arm-none-eabi/include
End of search list.
GNU C17 (GNU Arm Embedded Toolchain 10.3-2021.10) version 10.3.1 20210824 (release) (arm-none-eabi)
	compiled by GNU C version 4.8.4, GMP version 6.1.0, MPFR version 3.1.4, MPC version 1.0.3, isl version isl-0.18-GMP

GGC heuristics: --param ggc-min-expand=100 --param ggc-min-heapsize=131072
Compiler executable checksum: 1b8e6a7ffb918e85ea9e0bd9b007f412
COLLECT_GCC_OPTIONS='-fdata-sections' '-ffunction-sections' '-specs=nano.specs' '-v' '-o' 'CMakeFiles/cmTC_a8352.dir/CMakeCCompilerABI.c.obj' '-c' '-mcpu=arm7tdmi' '-mfloat-abi=soft' '-marm' '-mlibarch=armv4t' '-march=armv4t'
 /usr/bin/../lib/gcc/arm-none-eabi/10.3.1/../../../../arm-none-eabi/bin/as -v -march=armv4t -mfloat-abi=soft -meabi=5 -o CMakeFiles/cmTC_a8352.dir/CMakeCCompilerABI.c.obj /tmp/ccL5NvRG.s
GNU assembler version 2.36.1 (arm-none-eabi) using BFD version (GNU Arm Embedded Toolchain 10.3-2021.10) 2.36.1.20210621
COMPILER_PATH=/usr/bin/../lib/gcc/arm-none-eabi/10.3.1/:/usr/bin/../lib/gcc/:/usr/bin/../lib/gcc/arm-none-eabi/10.3.1/../../../../arm-none-eabi/bin/
LIBRARY_PATH=/usr/bin/../lib/gcc/arm-none-eabi/10.3.1/:/usr/bin/../lib/gcc/:/usr/bin/../lib/gcc/arm-none-eabi/10.3.1/../../../../arm-none-eabi/lib/:/usr/bin/../arm-none-eabi/lib/
COLLECT_GCC_OPTIONS='-fdata-sections' '-ffunction-sections' '-specs=nano.specs' '-v' '-o' 'CMakeFiles/cmTC_a8352.dir/CMakeCCompilerABI.c.obj' '-c' '-mcpu=arm7tdmi' '-mfloat-abi=soft' '-marm' '-mlibarch=armv4t' '-march=armv4t'
Linking C static library libcmTC_a8352.a
/usr/bin/cmake -P CMakeFiles/cmTC_a8352.dir/cmake_clean_target.cmake
/usr/bin/cmake -E cmake_link_script CMakeFiles/cmTC_a8352.dir/link.txt --verbose=1
/usr/bin/arm-none-eabi-ar qc libcmTC_a8352.a  CMakeFiles/cmTC_a8352.dir/CMakeCCompilerABI.c.obj
/usr/bin/arm-none-eabi-ranlib libcmTC_a8352.a
make[2]: Leaving directory '/mnt/bind-root/build/CMakeFiles/CMakeTmp'
make[1]: Leaving directory '/mnt/bind-root/build/CMakeFiles/CMakeTmp'



Parsed C implicit include dir info from above output: rv=done
  found start of include info
  found start of implicit include info
    add: [/usr/bin/../arm-none-eabi/include/newlib-nano]
    add: [/usr/bin/../lib/gcc/arm-none-eabi/10.3.1/include]
    add: [/usr/bin/../lib/gcc/arm-none-eabi/10.3.1/include-fixed]
    add: [/usr/bin/../lib/gcc/arm-none-eabi/10.3.1/../../../../arm-none-eabi/include]
  end of search list found
  collapse include dir [/usr/bin/../arm-none-eabi/include/newlib-nano] ==> [/usr/arm-none-eabi/include/newlib-nano]
  collapse include dir [/usr/bin/../lib/gcc/arm-none-eabi/10.3.1/include] ==> [/usr/lib/gcc/arm-none-eabi/10.3.1/include]
  collapse include dir [/usr/bin/../lib/gcc/arm-none-eabi/10.3.1/include-fixed] ==> [/usr/lib/gcc/arm-none-eabi/10.3.1/include-fixed]
  collapse include dir [/usr/bin/../lib/gcc/arm-none-eabi/10.3.1/../../../../arm-none-eabi/include] ==> [/usr/arm-none-eabi/include]
  implicit include dirs: [/usr/arm-none-eabi/include/newlib-nano;/usr/lib/gcc/arm-none-eabi/10.3.1/include;/usr/lib/gcc/arm-none-eabi/10.3.1/include-fixed;/usr/arm-none-eabi/include]


Parsed C implicit link information from above output:
  link line regex: [^( *|.*[/\])(arm-none-eabi-ld|CMAKE_LINK_STARTFILE-NOTFOUND|([^/\]+-)?ld|collect2)[^/\]*( |$)]
  ignore line: [Change Dir: /mnt/bind-root/build/CMakeFiles/CMakeTmp]
  ignore line: []
  ignore line: [Run Build Command(s):/usr/bin/make cmTC_a8352/fast && make[1]: Entering directory '/mnt/bind-root/build/CMakeFiles/CMakeTmp']
  ignore line: [/usr/bin/make -f CMakeFiles/cmTC_a8352.dir/build.make CMakeFiles/cmTC_a8352.dir/build]
  ignore line: [make[2]: Entering directory '/mnt/bind-root/build/CMakeFiles/CMakeTmp']
  ignore line: [Building C object CMakeFiles/cmTC_a8352.dir/CMakeCCompilerABI.c.obj]
  ignore line: [/usr/bin/arm-none-eabi-gcc -fdata-sections -ffunction-sections     --specs=nano.specs -Wl --gc-sections   -v -o CMakeFiles/cmTC_a8352.dir/CMakeCCompilerABI.c.obj   -c /usr/share/cmake-3.16/Modules/CMakeCCompilerABI.c]
  ignore line: [Using built-in specs.]
  ignore line: [Reading specs from /usr/bin/../lib/gcc/arm-none-eabi/10.3.1/../../../../arm-none-eabi/lib/nano.specs]
  ignore line: [rename spec link to nano_link]
  ignore line: [rename spec link_gcc_c_sequence to nano_link_gcc_c_sequence]
  ignore line: [rename spec cpp_unique_options to nano_cpp_unique_options]
  ignore line: [COLLECT_GCC=/usr/bin/arm-none-eabi-gcc]
  ignore line: [Target: arm-none-eabi]
  ignore line: [Configured with: /mnt/work/jenkins_slave/workspace/GCC-10-pipeline/jenkins-GCC-10-pipeline-338_20211018_1634516202/src/gcc/configure --target=arm-none-eabi --prefix=/mnt/work/jenkins_slave/workspace/GCC-10-pipeline/jenkins-GCC-10-pipeline-338_20211018_1634516202/install-native --libexecdir=/mnt/work/jenkins_slave/workspace/GCC-10-pipeline/jenkins-GCC-10-pipeline-338_20211018_1634516202/install-native/lib --infodir=/mnt/work/jenkins_slave/workspace/GCC-10-pipeline/jenkins-GCC-10-pipeline-338_20211018_1634516202/install-native/share/doc/gcc-arm-none-eabi/info --mandir=/mnt/work/jenkins_slave/workspace/GCC-10-pipeline/jenkins-GCC-10-pipeline-338_20211018_1634516202/install-native/share/doc/gcc-arm-none-eabi/man --htmldir=/mnt/work/jenkins_slave/workspace/GCC-10-pipeline/jenkins-GCC-10-pipeline-338_20211018_1634516202/install-native/share/doc/gcc-arm-none-eabi/html --pdfdir=/mnt/work/jenkins_slave/workspace/GCC-10-pipeline/jenkins-GCC-10-pipeline-338_20211018_1634516202/install-native/share/doc/gcc-arm-none-eabi/pdf --enable-languages=c,c++ --enable-plugins --disable-decimal-float --disable-libffi --disable-libgomp --disable-libmudflap --disable-libquadmath --disable-libssp --disable-libstdcxx-pch --disable-nls --disable-shared --disable-threads --disable-tls --with-gnu-as --with-gnu-ld --with-newlib --with-headers=yes --with-python-dir=share/gcc-arm-none-eabi --with-sysroot=/mnt/work/jenkins_slave/workspace/GCC-10-pipeline/jenkins-GCC-10-pipeline-338_20211018_1634516202/install-native/arm-none-eabi --build=aarch64-linux-gnu --host=aarch64-linux-gnu --with-gmp=/mnt/work/jenkins_slave/workspace/GCC-10-pipeline/jenkins-GCC-10-pipeline-338_20211018_1634516202/build-native/host-libs/usr --with-mpfr=/mnt/work/jenkins_slave/workspace/GCC-10-pipeline/jenkins-GCC-10-pipeline-338_20211018_1634516202/build-native/host-libs/usr --with-mpc=/mnt/work/jenkins_slave/workspace/GCC-10-pipeline/jenkins-GCC-10-pipeline-338_20211018_1634516202/build-native/host-libs/usr --with-isl=/mnt/work/jenkins_slave/workspace/GCC-10-pipeline/jenkins-GCC-10-pipeline-338_20211018_1634516202/build-native/host-libs/usr --with-libelf=/mnt/work/jenkins_slave/workspace/GCC-10-pipeline/jenkins-GCC-10-pipeline-338_20211018_1634516202/build-native/host-libs/usr --with-host-libstdcxx='-static-libgcc -Wl,-Bstatic,-lstdc++,-Bdynamic -lm' --with-pkgversion='GNU Arm Embedded Toolchain 10.3-2021.10' --with-multilib-list=rmprofile,aprofile]
  ignore line: [Thread model: single]
  ignore line: [Supported LTO compression algorithms: zlib]
  ignore line: [gcc version 10.3.1 20210824 (release) (GNU Arm Embedded Toolchain 10.3-2021.10) ]
  ignore line: [COLLECT_GCC_OPTIONS='-fdata-sections' '-ffunction-sections' '-specs=nano.specs' '-v' '-o' 'CMakeFiles/cmTC_a8352.dir/CMakeCCompilerABI.c.obj' '-c' '-mcpu=arm7tdmi' '-mfloat-abi=soft' '-marm' '-mlibarch=armv4t' '-march=armv4t']
  ignore line: [ /usr/bin/../lib/gcc/arm-none-eabi/10.3.1/cc1 -isystem =/include/newlib-nano -quiet -v -iprefix /usr/bin/../lib/gcc/arm-none-eabi/10.3.1/ -isysroot /usr/bin/../arm-none-eabi -D__USES_INITFINI__ /usr/share/cmake-3.16/Modules/CMakeCCompilerABI.c -quiet -dumpbase CMakeCCompilerABI.c -mcpu=arm7tdmi -mfloat-abi=soft -marm -mlibarch=armv4t -march=armv4t -auxbase-strip CMakeFiles/cmTC_a8352.dir/CMakeCCompilerABI.c.obj -version -fdata-sections -ffunction-sections -o /tmp/ccL5NvRG.s]
  ignore line: [GNU C17 (GNU Arm Embedded Toolchain 10.3-2021.10) version 10.3.1 20210824 (release) (arm-none-eabi)]
  ignore line: [	compiled by GNU C version 4.8.4  GMP version 6.1.0  MPFR version 3.1.4  MPC version 1.0.3  isl version isl-0.18-GMP]
  ignore line: []
  ignore line: [GGC heuristics: --param ggc-min-expand=100 --param ggc-min-heapsize=131072]
  ignore line: [ignoring duplicate directory "/usr/bin/../lib/gcc/../../lib/gcc/arm-none-eabi/10.3.1/include"]
  ignore line: [ignoring nonexistent directory "/usr/bin/../arm-none-eabi/usr/local/include"]
  ignore line: [ignoring duplicate directory "/usr/bin/../lib/gcc/../../lib/gcc/arm-none-eabi/10.3.1/include-fixed"]
  ignore line: [ignoring duplicate directory "/usr/bin/../lib/gcc/../../lib/gcc/arm-none-eabi/10.3.1/../../../../arm-none-eabi/include"]
  ignore line: [ignoring nonexistent directory "/usr/bin/../arm-none-eabi/usr/include"]
  ignore line: [#include "..." search starts here:]
  ignore line: [#include <...> search starts here:]
  ignore line: [ /usr/bin/../arm-none-eabi/include/newlib-nano]
  ignore line: [ /usr/bin/../lib/gcc/arm-none-eabi/10.3.1/include]
  ignore line: [ /usr/bin/../lib/gcc/arm-none-eabi/10.3.1/include-fixed]
  ignore line: [ /usr/bin/../lib/gcc/arm-none-eabi/10.3.1/../../../../arm-none-eabi/include]
  ignore line: [End of search list.]
  ignore line: [GNU C17 (GNU Arm Embedded Toolchain 10.3-2021.10) version 10.3.1 20210824 (release) (arm-none-eabi)]
  ignore line: [	compiled by GNU C version 4.8.4  GMP version 6.1.0  MPFR version 3.1.4  MPC version 1.0.3  isl version isl-0.18-GMP]
  ignore line: []
  ignore line: [GGC heuristics: --param ggc-min-expand=100 --param ggc-min-heapsize=131072]
  ignore line: [Compiler executable checksum: 1b8e6a7ffb918e85ea9e0bd9b007f412]
  ignore line: [COLLECT_GCC_OPTIONS='-fdata-sections' '-ffunction-sections' '-specs=nano.specs' '-v' '-o' 'CMakeFiles/cmTC_a8352.dir/CMakeCCompilerABI.c.obj' '-c' '-mcpu=arm7tdmi' '-mfloat-abi=soft' '-marm' '-mlibarch=armv4t' '-march=armv4t']
  ignore line: [ /usr/bin/../lib/gcc/arm-none-eabi/10.3.1/../../../../arm-none-eabi/bin/as -v -march=armv4t -mfloat-abi=soft -meabi=5 -o CMakeFiles/cmTC_a8352.dir/CMakeCCompilerABI.c.obj /tmp/ccL5NvRG.s]
  ignore line: [GNU assembler version 2.36.1 (arm-none-eabi) using BFD version (GNU Arm Embedded Toolchain 10.3-2021.10) 2.36.1.20210621]
  ignore line: [COMPILER_PATH=/usr/bin/../lib/gcc/arm-none-eabi/10.3.1/:/usr/bin/../lib/gcc/:/usr/bin/../lib/gcc/arm-none-eabi/10.3.1/../../../../arm-none-eabi/bin/]
  ignore line: [LIBRARY_PATH=/usr/bin/../lib/gcc/arm-none-eabi/10.3.1/:/usr/bin/../lib/gcc/:/usr/bin/../lib/gcc/arm-none-eabi/10.3.1/../../../../arm-none-eabi/lib/:/usr/bin/../arm-none-eabi/lib/]
  ignore line: [COLLECT_GCC_OPTIONS='-fdata-sections' '-ffunction-sections' '-specs=nano.specs' '-v' '-o' 'CMakeFiles/cmTC_a8352.dir/CMakeCCompilerABI.c.obj' '-c' '-mcpu=arm7tdmi' '-mfloat-abi=soft' '-marm' '-mlibarch=armv4t' '-march=armv4t']
  ignore line: [Linking C static library libcmTC_a8352.a]
  ignore line: [/usr/bin/cmake -P CMakeFiles/cmTC_a8352.dir/cmake_clean_target.cmake]
  ignore line: [/usr/bin/cmake -E cmake_link_script CMakeFiles/cmTC_a8352.dir/link.txt --verbose=1]
  ignore line: [/usr/bin/arm-none-eabi-ar qc libcmTC_a8352.a  CMakeFiles/cmTC_a8352.dir/CMakeCCompilerABI.c.obj]
  ignore line: [/usr/bin/arm-none-eabi-ranlib libcmTC_a8352.a]
  ignore line: [make[2]: Leaving directory '/mnt/bind-root/build/CMakeFiles/CMakeTmp']
  ignore line: [make[1]: Leaving directory '/mnt/bind-root/build/CMakeFiles/CMakeTmp']
  ignore line: []
  ignore line: []
  implicit libs: []
  implicit dirs: []
  implicit fwks: []


Determining if the CXX compiler works passed with the following output:
Change Dir: /mnt/bind-root/build/CMakeFiles/CMakeTmp

Run Build Command(s):/usr/bin/make cmTC_7bdc2/fast && make[1]: Entering directory '/mnt/bind-root/build/CMakeFiles/CMakeTmp'
/usr/bin/make -f CMakeFiles/cmTC_7bdc2.dir/build.make CMakeFiles/cmTC_7bdc2.dir/build
make[2]: Entering directory '/mnt/bind-root/build/CMakeFiles/CMakeTmp'
Building CXX object CMakeFiles/cmTC_7bdc2.dir/testCXXCompiler.cxx.obj
/usr/bin/arm-none-eabi-g++     -o CMakeFiles/cmTC_7bdc2.dir/testCXXCompiler.cxx.obj -c /mnt/bind-root/build/CMakeFiles/CMakeTmp/testCXXCompiler.cxx
Linking CXX static library libcmTC_7bdc2.a
/usr/bin/cmake -P CMakeFiles/cmTC_7bdc2.dir/cmake_clean_target.cmake
/usr/bin/cmake -E cmake_link_script CMakeFiles/cmTC_7bdc2.dir/link.txt --verbose=1
/usr/bin/arm-none-eabi-ar qc libcmTC_7bdc2.a  CMakeFiles/cmTC_7bdc2.dir/testCXXCompiler.cxx.obj
/usr/bin/arm-none-eabi-ranlib libcmTC_7bdc2.a
make[2]: Leaving directory '/mnt/bind-root/build/CMakeFiles/CMakeTmp'
make[1]: Leaving directory '/mnt/bind-root/build/CMakeFiles/CMakeTmp'



Detecting CXX compiler ABI info compiled with the following output:
Change Dir: /mnt/bind-root/build/CMakeFiles/CMakeTmp

Run Build Command(s):/usr/bin/make cmTC_51bab/fast && make[1]: Entering directory '/mnt/bind-root/build/CMakeFiles/CMakeTmp'
/usr/bin/make -f CMakeFiles/cmTC_51bab.dir/build.make CMakeFiles/cmTC_51bab.dir/build
make[2]: Entering directory '/mnt/bind-root/build/CMakeFiles/CMakeTmp'
Building CXX object CMakeFiles/cmTC_51bab.dir/CMakeCXXCompilerABI.cpp.obj
/usr/bin/arm-none-eabi-g++    -v -o CMakeFiles/cmTC_51bab.dir/CMakeCXXCompilerABI.cpp.obj -c /usr/share/cmake-3.16/Modules/CMakeCXXCompilerABI.cpp
Using built-in specs.
COLLECT_GCC=/usr/bin/arm-none-eabi-g++
Target: arm-none-eabi
Configured with: /mnt/work/jenkins_slave/workspace/GCC-10-pipeline/jenkins-GCC-10-pipeline-338_20211018_1634516202/src/gcc/configure --target=arm-none-eabi --prefix=/mnt/work/jenkins_slave/workspace/GCC-10-pipeline/jenkins-GCC-10-pipeline-338_20211018_1634516202/install-native --libexecdir=/mnt/work/jenkins_slave/workspace/GCC-10-pipeline/jenkins-GCC-10-pipeline-338_20211018_1634516202/install-native/lib --infodir=/mnt/work/jenkins_slave/workspace/GCC-10-pipeline/jenkins-GCC-10-pipeline-338_20211018_1634516202/install-native/share/doc/gcc-arm-none-eabi/info --mandir=/mnt/work/jenkins_slave/workspace/GCC-10-pipeline/jenkins-GCC-10-pipeline-338_20211018_1634516202/install-native/share/doc/gcc-arm-none-eabi/man --htmldir=/mnt/work/jenkins_slave/workspace/GCC-10-pipeline/jenkins-GCC-10-pipeline-338_20211018_1634516202/install-native/share/doc/gcc-arm-none-eabi/html --pdfdir=/mnt/work/jenkins_slave/workspace/GCC-10-pipeline/jenkins-GCC-10-pipeline-338_20211018_1634516202/install-native/share/doc/gcc-arm-none-eabi/pdf --enable-languages=c,c++ --enable-plugins --disable-decimal-float --disable-libffi --disable-libgomp --disable-libmudflap --disable-libquadmath --disable-libssp --disable-libstdcxx-pch --disable-nls --disable-shared --disable-threads --disable-tls --with-gnu-as --with-gnu-ld --with-newlib --with-headers=yes --with-python-dir=share/gcc-arm-none-eabi --with-sysroot=/mnt/work/jenkins_slave/workspace/GCC-10-pipeline/jenkins-GCC-10-pipeline-338_20211018_1634516202/install-native/arm-none-eabi --build=aarch64-linux-gnu --host=aarch64-linux-gnu --with-gmp=/mnt/work/jenkins_slave/workspace/GCC-10-pipeline/jenkins-GCC-10-pipeline-338_20211018_1634516202/build-native/host-libs/usr --with-mpfr=/mnt/work/jenkins_slave/workspace/GCC-10-pipeline/jenkins-GCC-10-pipeline-338_20211018_1634516202/build-native/host-libs/usr --with-mpc=/mnt/work/jenkins_slave/workspace/GCC-10-pipeline/jenkins-GCC-10-pipeline-338_20211018_1634516202/build-native/host-libs/usr --with-isl=/mnt/work/jenkins_slave/workspace/GCC-10-pipeline/jenkins-GCC-10-pipeline-338_20211018_1634516202/build-native/host-libs/usr --with-libelf=/mnt/work/jenkins_slave/workspace/GCC-10-pipeline/jenkins-GCC-10-pipeline-338_20211018_1634516202/build-native/host-libs/usr --with-host-libstdcxx='-static-libgcc -Wl,-Bstatic,-lstdc++,-Bdynamic -lm' --with-pkgversion='GNU Arm Embedded Toolchain 10.3-2021.10' --with-multilib-list=rmprofile,aprofile
Thread model: single
Supported LTO compression algorithms: zlib
gcc version 10.3.1 20210824 (release) (GNU Arm Embedded Toolchain 10.3-2021.10) 
COLLECT_GCC_OPTIONS='-v' '-o' 'CMakeFiles/cmTC_51bab.dir/CMakeCXXCompilerABI.cpp.obj' '-c' '-mcpu=arm7tdmi' '-mfloat-abi=soft' '-marm' '-mlibarch=armv4t' '-march=armv4t'
 /usr/bin/../lib/gcc/arm-none-eabi/10.3.1/cc1plus -quiet -v -iprefix /usr/bin/../lib/gcc/arm-none-eabi/10.3.1/ -isysroot /usr/bin/../arm-none-eabi -D__USES_INITFINI__ /usr/share/cmake-3.16/Modules/CMakeCXXCompilerABI.cpp -quiet -dumpbase CMakeCXXCompilerABI.cpp -mcpu=arm7tdmi -mfloat-abi=soft -marm -mlibarch=armv4t -march=armv4t -auxbase-strip CMakeFiles/cmTC_51bab.dir/CMakeCXXCompilerABI.cpp.obj -version -o /tmp/ccG4mOJF.s
GNU C++14 (GNU Arm Embedded Toolchain 10.3-2021.10) version 10.3.1 20210824 (release) (arm-none-eabi)
	compiled by GNU C version 4.8.4, GMP version 6.1.0, MPFR version 3.1.4, MPC version 1.0.3, isl version isl-0.18-GMP

GGC heuristics: --param ggc-min-expand=100 --param ggc-min-heapsize=131072
ignoring duplicate directory "/usr/bin/../lib/gcc/../../lib/gcc/arm-none-eabi/10.3.1/../../../../arm-none-eabi/include/c++/10.3.1"
ignoring duplicate directory "/usr/bin/../lib/gcc/../../lib/gcc/arm-none-eabi/10.3.1/../../../../arm-none-eabi/include/c++/10.3.1/arm-none-eabi"
ignoring duplicate directory "/usr/bin/../lib/gcc/../../lib/gcc/arm-none-eabi/10.3.1/../../../../arm-none-eabi/include/c++/10.3.1/backward"
ignoring duplicate directory "/usr/bin/../lib/gcc/../../lib/gcc/arm-none-eabi/10.3.1/include"
ignoring nonexistent directory "/usr/bin/../arm-none-eabi/usr/local/include"
ignoring duplicate directory "/usr/bin/../lib/gcc/../../lib/gcc/arm-none-eabi/10.3.1/include-fixed"
ignoring duplicate directory "/usr/bin/../lib/gcc/../../lib/gcc/arm-none-eabi/10.3.1/../../../../arm-none-eabi/include"
ignoring nonexistent directory "/usr/bin/../arm-none-eabi/usr/include"
#include "..." search starts here:
#include <...> search starts here:
 /usr/bin/../lib/gcc/arm-none-eabi/10.3.1/../../../../arm-none-eabi/include/c++/10.3.1
 /usr/bin/../lib/gcc/arm-none-eabi/10.3.1/../../../../arm-none-eabi/include/c++/10.3.1/arm-none-eabi
 /usr/bin/../lib/gcc/arm-none-eabi/10.3.1/../../../../arm-none-eabi/include/c++/10.3.1/backward
 /usr/bin/../lib/gcc/arm-none-eabi/10.3.1/include
 /usr/bin/../lib/gcc/arm-none-eabi/10.3.1/include-fixed
 /usr/bin/../lib/gcc/arm-none-eabi/10.3.1/../../../../arm-none-eabi/include
End of search list.
GNU C++14 (GNU Arm Embedded Toolchain 10.3-2021.10) version 10.3.1 20210824 (release) (arm-none-eabi)
	compiled by GNU C version 4.8.4, GMP version 6.1.0, MPFR version 3.1.4, MPC version 1.0.3, isl version isl-0.18-GMP

GGC heuristics: --param ggc-min-expand=100 --param ggc-min-heapsize=131072
Compiler executable checksum: 2a6f67c51f00e47f76b9a4ed241d41e7
COLLECT_GCC_OPTIONS='-v' '-o' 'CMakeFiles/cmTC_51bab.dir/CMakeCXXCompilerABI.cpp.obj' '-c' '-mcpu=arm7tdmi' '-mfloat-abi=soft' '-marm' '-mlibarch=armv4t' '-march=armv4t'
 /usr/bin/../lib/gcc/arm-none-eabi/10.3.1/../../../../arm-none-eabi/bin/as -v -march=armv4t -mfloat-abi=soft -meabi=5 -o CMakeFiles/cmTC_51bab.dir/CMakeCXXCompilerABI.cpp.obj /tmp/ccG4mOJF.s
GNU assembler version 2.36.1 (arm-none-eabi) using BFD version (GNU Arm Embedded Toolchain 10.3-2021.10) 2.36.1.20210621
COMPILER_PATH=/usr/bin/../lib/gcc/arm-none-eabi/10.3.1/:/usr/bin/../lib/gcc/:/usr/bin/../lib/gcc/arm-none-eabi/10.3.1/../../../../arm-none-eabi/bin/
LIBRARY_PATH=/usr/bin/../lib/gcc/arm-none-eabi/10.3.1/:/usr/bin/../lib/gcc/:/usr/bin/../lib/gcc/arm-none-eabi/10.3.1/../../../../arm-none-eabi/lib/:/usr/bin/../arm-none-eabi/lib/
COLLECT_GCC_OPTIONS='-v' '-o' 'CMakeFiles/cmTC_51bab.dir/CMakeCXXCompilerABI.cpp.obj' '-c' '-mcpu=arm7tdmi' '-mfloat-abi=soft' '-marm' '-mlibarch=armv4t' '-march=armv4t'
Linking CXX static library libcmTC_51bab.a
/usr/bin/cmake -P CMakeFiles/cmTC_51bab.dir/cmake_clean_target.cmake
/usr/bin/cmake -E cmake_link_script CMakeFiles/cmTC_51bab.dir/link.txt --verbose=1
/usr/bin/arm-none-eabi-ar qc libcmTC_51bab.a  CMakeFiles/cmTC_51bab.dir/CMakeCXXCompilerABI.cpp.obj
/usr/bin/arm-none-eabi-ranlib libcmTC_51bab.a
make[2]: Leaving directory '/mnt/bind-root/build/CMakeFiles/CMakeTmp'
make[1]: Leaving directory '/mnt/bind-root/build/CMakeFiles/CMakeTmp'



Parsed CXX implicit include dir info from above output: rv=done
  found start of include info
  found start of implicit include info
    add: [/usr/bin/../lib/gcc/arm-none-eabi/10.3.1/../../../../arm-none-eabi/include/c++/10.3.1]
    add: [/usr/bin/../lib/gcc/arm-none-eabi/10.3.1/../../../../arm-none-eabi/include/c++/10.3.1/arm-none-eabi]
    add: [/usr/bin/../lib/gcc/arm-none-eabi/10.3.1/../../../../arm-none-eabi/include/c++/10.3.1/backward]
    add: [/usr/bin/../lib/gcc/arm-none-eabi/10.3.1/include]
    add: [/usr/bin/../lib/gcc/arm-none-eabi/10.3.1/include-fixed]
    add: [/usr/bin/../lib/gcc/arm-none-eabi/10.3.1/../../../../arm-none-eabi/include]
  end of search list found
  collapse include dir [/usr/bin/../lib/gcc/arm-none-eabi/10.3.1/../../../../arm-none-eabi/include/c++/10.3.1] ==> [/usr/arm-none-eabi/include/c++/10.3.1]
  collapse include dir [/usr/bin/../lib/gcc/arm-none-eabi/10.3.1/../../../../arm-none-eabi/include/c++/10.3.1/arm-none-eabi] ==> [/usr/arm-none-eabi/include/c++/10.3.1/arm-none-eabi]
  collapse include dir [/usr/bin/../lib/gcc/arm-none-eabi/10.3.1/../../../../arm-none-eabi/include/c++/10.3.1/backward] ==> [/usr/arm-none-eabi/include/c++/10.3.1/backward]
  collapse include dir [/usr/bin/../lib/gcc/arm-none-eabi/10.3.1/include] ==> [/usr/lib/gcc/arm-none-eabi/10.3.1/include]
  collapse include dir [/usr/bin/../lib/gcc/arm-none-eabi/10.3.1/include-fixed] ==> [/usr/lib/gcc/arm-none-eabi/10.3.1/include-fixed]
  collapse include dir [/usr/bin/../lib/gcc/arm-none-eabi/10.3.1/../../../../arm-none-eabi/include] ==> [/usr/arm-none-eabi/include]
  implicit include dirs: [/usr/arm-none-eabi/include/c++/10.3.1;/usr/arm-none-eabi/include/c++/10.3.1/arm-none-eabi;/usr/arm-none-eabi/include/c++/10.3.1/backward;/usr/lib/gcc/arm-none-eabi/10.3.1/include;/usr/lib/gcc/arm-none-eabi/10.3.1/include-fixed;/usr/arm-none-eabi/include]


Parsed CXX implicit link information from above output:
  link line regex: [^( *|.*[/\])(arm-none-eabi-ld|CMAKE_LINK_STARTFILE-NOTFOUND|([^/\]+-)?ld|collect2)[^/\]*( |$)]
  ignore line: [Change Dir: /mnt/bind-root/build/CMakeFiles/CMakeTmp]
  ignore line: []
  ignore line: [Run Build Command(s):/usr/bin/make cmTC_51bab/fast && make[1]: Entering directory '/mnt/bind-root/build/CMakeFiles/CMakeTmp']
  ignore line: [/usr/bin/make -f CMakeFiles/cmTC_51bab.dir/build.make CMakeFiles/cmTC_51bab.dir/build]
  ignore line: [make[2]: Entering directory '/mnt/bind-root/build/CMakeFiles/CMakeTmp']
  ignore line: [Building CXX object CMakeFiles/cmTC_51bab.dir/CMakeCXXCompilerABI.cpp.obj]
  ignore line: [/usr/bin/arm-none-eabi-g++    -v -o CMakeFiles/cmTC_51bab.dir/CMakeCXXCompilerABI.cpp.obj -c /usr/share/cmake-3.16/Modules/CMakeCXXCompilerABI.cpp]
  ignore line: [Using built-in specs.]
  ignore line: [COLLECT_GCC=/usr/bin/arm-none-eabi-g++]
  ignore line: [Target: arm-none-eabi]
  ignore line: [Configured with: /mnt/work/jenkins_slave/workspace/GCC-10-pipeline/jenkins-GCC-10-pipeline-338_20211018_1634516202/src/gcc/configure --target=arm-none-eabi --prefix=/mnt/work/jenkins_slave/workspace/GCC-10-pipeline/jenkins-GCC-10-pipeline-338_20211018_1634516202/install-native --libexecdir=/mnt/work/jenkins_slave/workspace/GCC-10-pipeline/jenkins-GCC-10-pipeline-338_20211018_1634516202/install-native/lib --infodir=/mnt/work/jenkins_slave/workspace/GCC-10-pipeline/jenkins-GCC-10-pipeline-338_20211018_1634516202/install-native/share/doc/gcc-arm-none-eabi/info --mandir=/mnt/work/jenkins_slave/workspace/GCC-10-pipeline/jenkins-GCC-10-pipeline-338_20211018_1634516202/install-native/share/doc/gcc-arm-none-eabi/man --htmldir=/mnt/work/jenkins_slave/workspace/GCC-10-pipeline/jenkins-GCC-10-pipeline-338_20211018_1634516202/install-native/share/doc/gcc-arm-none-eabi/html --pdfdir=/mnt/work/jenkins_slave/workspace/GCC-10-pipeline/jenkins-GCC-10-pipeline-338_20211018_1634516202/install-native/share/doc/gcc-arm-none-eabi/pdf --enable-languages=c,c++ --enable-plugins --disable-decimal-float --disable-libffi --disable-libgomp --disable-libmudflap --disable-libquadmath --disable-libssp --disable-libstdcxx-pch --disable-nls --disable-shared --disable-threads --disable-tls --with-gnu-as --with-gnu-ld --with-newlib --with-headers=yes --with-python-dir=share/gcc-arm-none-eabi --with-sysroot=/mnt/work/jenkins_slave/workspace/GCC-10-pipeline/jenkins-GCC-10-pipeline-338_20211018_1634516202/install-native/arm-none-eabi --build=aarch64-linux-gnu --host=aarch64-linux-gnu --with-gmp=/mnt/work/jenkins_slave/workspace/GCC-10-pipeline/jenkins-GCC-10-pipeline-338_20211018_1634516202/build-native/host-libs/usr --with-mpfr=/mnt/work/jenkins_slave/workspace/GCC-10-pipeline/jenkins-GCC-10-pipeline-338_20211018_1634516202/build-native/host-libs/usr --with-mpc=/mnt/work/jenkins_slave/workspace/GCC-10-pipeline/jenkins-GCC-10-pipeline-338_20211018_1634516202/build-native/host-libs/usr --with-isl=/mnt/work/jenkins_slave/workspace/GCC-10-pipeline/jenkins-GCC-10-pipeline-338_20211018_1634516202/build-native/host-libs/usr --with-libelf=/mnt/work/jenkins_slave/workspace/GCC-10-pipeline/jenkins-GCC-10-pipeline-338_20211018_1634516202/build-native/host-libs/usr --with-host-libstdcxx='-static-libgcc -Wl,-Bstatic,-lstdc++,-Bdynamic -lm' --with-pkgversion='GNU Arm Embedded Toolchain 10.3-2021.10' --with-multilib-list=rmprofile,aprofile]
  ignore line: [Thread model: single]
  ignore line: [Supported LTO compression algorithms: zlib]
  ignore line: [gcc version 10.3.1 20210824 (release) (GNU Arm Embedded Toolchain 10.3-2021.10) ]
  ignore line: [COLLECT_GCC_OPTIONS='-v' '-o' 'CMakeFiles/cmTC_51bab.dir/CMakeCXXCompilerABI.cpp.obj' '-c' '-mcpu=arm7tdmi' '-mfloat-abi=soft' '-marm' '-mlibarch=armv4t' '-march=armv4t']
  ignore line: [ /usr/bin/../lib/gcc/arm-none-eabi/10.3.1/cc1plus -quiet -v -iprefix /usr/bin/../lib/gcc/arm-none-eabi/10.3.1/ -isysroot /usr/bin/../arm-none-eabi -D__USES_INITFINI__ /usr/share/cmake-3.16/Modules/CMakeCXXCompilerABI.cpp -quiet -dumpbase CMakeCXXCompilerABI.cpp -mcpu=arm7tdmi -mfloat-abi=soft -marm -mlibarch=armv4t -march=armv4t -auxbase-strip CMakeFiles/cmTC_51bab.dir/CMakeCXXCompilerABI.cpp.obj -version -o /tmp/ccG4mOJF.s]
  ignore line: [GNU C++14 (GNU Arm Embedded Toolchain 10.3-2021.10) version 10.3.1 20210824 (release) (arm-none-eabi)]
  ignore line: [	compiled by GNU C version 4.8.4  GMP version 6.1.0  MPFR version 3.1.4  MPC version 1.0.3  isl version isl-0.18-GMP]
  ignore line: []
  ignore line: [GGC heuristics: --param ggc-min-expand=100 --param ggc-min-heapsize=131072]
  ignore line: [ignoring duplicate directory "/usr/bin/../lib/gcc/../../lib/gcc/arm-none-eabi/10.3.1/../../../../arm-none-eabi/include/c++/10.3.1"]
  ignore line: [ignoring duplicate directory "/usr/bin/../lib/gcc/../../lib/gcc/arm-none-eabi/10.3.1/../../../../arm-none-eabi/include/c++/10.3.1/arm-none-eabi"]
  ignore line: [ignoring duplicate directory "/usr/bin/../lib/gcc/../../lib/gcc/arm-none-eabi/10.3.1/../../../../arm-none-eabi/include/c++/10.3.1/backward"]
  ignore line: [ignoring duplicate directory "/usr/bin/../lib/gcc/../../lib/gcc/arm-none-eabi/10.3.1/include"]
  ignore line: [ignoring nonexistent directory "/usr/bin/../arm-none-eabi/usr/local/include"]
  ignore line: [ignoring duplicate directory "/usr/bin/../lib/gcc/../../lib/gcc/arm-none-eabi/10.3.1/include-fixed"]
  ignore line: [ignoring duplicate directory "/usr/bin/../lib/gcc/../../lib/gcc/arm-none-eabi/10.3.1/../../../../arm-none-eabi/include"]
  ignore line: [ignoring nonexistent directory "/usr/bin/../arm-none-eabi/usr/include"]
  ignore line: [#include "..." search starts here:]
  ignore line: [#include <...> search starts here:]
  ignore line: [ /usr/bin/../lib/gcc/arm-none-eabi/10.3.1/../../../../arm-none-eabi/include/c++/10.3.1]
  ignore line: [ /usr/bin/../lib/gcc/arm-none-eabi/10.3.1/../../../../arm-none-eabi/include/c++/10.3.1/arm-none-eabi]
  ignore line: [ /usr/bin/../lib/gcc/arm-none-eabi/10.3.1/../../../../arm-none-eabi/include/c++/10.3.1/backward]
  ignore line: [ /usr/bin/../lib/gcc/arm-none-eabi/10.3.1/include]
  ignore line: [ /usr/bin/../lib/gcc/arm-none-eabi/10.3.1/include-fixed]
  ignore line: [ /usr/bin/../lib/gcc/arm-none-eabi/10.3.1/../../../../arm-none-eabi/include]
  ignore line: [End of search list.]
  ignore line: [GNU C++14 (GNU Arm Embedded Toolchain 10.3-2021.10) version 10.3.1 20210824 (release) (arm-none-eabi)]
  ignore line: [	compiled by GNU C version 4.8.4  GMP version 6.1.0  MPFR version 3.1.4  MPC version 1.0.3  isl version isl-0.18-GMP]
  ignore line: []
  ignore line: [GGC heuristics: --param ggc-min-expand=100 --param ggc-min-heapsize=131072]
  ignore line: [Compiler executable checksum: 2a6f67c51f00e47f76b9a4ed241d41e7]
  ignore line: [COLLECT_GCC_OPTIONS='-v' '-o' 'CMakeFiles/cmTC_51bab.dir/CMakeCXXCompilerABI.cpp.obj' '-c' '-mcpu=arm7tdmi' '-mfloat-abi=soft' '-marm' '-mlibarch=armv4t' '-march=armv4t']
  ignore line: [ /usr/bin/../lib/gcc/arm-none-eabi/10.3.1/../../../../arm-none-eabi/bin/as -v -march=armv4t -mfloat-abi=soft -meabi=5 -o CMakeFiles/cmTC_51bab.dir/CMakeCXXCompilerABI.cpp.obj /tmp/ccG4mOJF.s]
  ignore line: [GNU assembler version 2.36.1 (arm-none-eabi) using BFD version (GNU Arm Embedded Toolchain 10.3-2021.10) 2.36.1.20210621]
  ignore line: [COMPILER_PATH=/usr/bin/../lib/gcc/arm-none-eabi/10.3.1/:/usr/bin/../lib/gcc/:/usr/bin/../lib/gcc/arm-none-eabi/10.3.1/../../../../arm-none-eabi/bin/]
  ignore line: [LIBRARY_PATH=/usr/bin/../lib/gcc/arm-none-eabi/10.3.1/:/usr/bin/../lib/gcc/:/usr/bin/../lib/gcc/arm-none-eabi/10.3.1/../../../../arm-none-eabi/lib/:/usr/bin/../arm-none-eabi/lib/]
  ignore line: [COLLECT_GCC_OPTIONS='-v' '-o' 'CMakeFiles/cmTC_51bab.dir/CMakeCXXCompilerABI.cpp.obj' '-c' '-mcpu=arm7tdmi' '-mfloat-abi=soft' '-marm' '-mlibarch=armv4t' '-march=armv4t']
  ignore line: [Linking CXX static library libcmTC_51bab.a]
  ignore line: [/usr/bin/cmake -P CMakeFiles/cmTC_51bab.dir/cmake_clean_target.cmake]
  ignore line: [/usr/bin/cmake -E cmake_link_script CMakeFiles/cmTC_51bab.dir/link.txt --verbose=1]
  ignore line: [/usr/bin/arm-none-eabi-ar qc libcmTC_51bab.a  CMakeFiles/cmTC_51bab.dir/CMakeCXXCompilerABI.cpp.obj]
  ignore line: [/usr/bin/arm-none-eabi-ranlib libcmTC_51bab.a]
  ignore line: [make[2]: Leaving directory '/mnt/bind-root/build/CMakeFiles/CMakeTmp']
  ignore line: [make[1]: Leaving directory '/mnt/bind-root/build/CMakeFiles/CMakeTmp']
  ignore line: []
  ignore line: []
  implicit libs: []
  implicit dirs: []
  implicit fwks: []


Checking whether the ASM compiler is GNU using "--version" matched "(GNU assembler)|(GCC)|(Free Software Foundation)":
arm-none-eabi-gcc (GNU Arm Embedded Toolchain 10.3-2021.10) 10.3.1 20210824 (release)
Copyright (C) 2020 Free Software Foundation, Inc.
This is free software; see the source for copying conditions.  There is NO
warranty; not even for MERCHANTABILITY or FITNESS FOR A PARTICULAR PURPOSE.

